14 44 4
11 79 12
1 0 21
x
5 82 11
7 23 8
x
2 0 30
3 0 24
x
10 49 31
2 96 17
x
2 74 29
12 3 24
0 48 11
13 8 4
4 88 42
15 44 26
8 20 9
9 15 41
x
x
14 8 35
6 81 33
15 4 5
x
x
10 18 12
3 34 4
7 88 0
12 78 33
1 37 13
0 89 18
4 0 10
4 66 10
x
5 80 25
1 90 25
x
9 93 33
6 13 12
10 93 42
15 94 35
0 5 2
5 74 42
11 23 3
6 74 38
13 88 18
14 30 1
5 5 34
14 62 28
7 13 2
0 93 21
15 66 10
1 93 19
6 53 31
2 64 41
6 0 4
7 0 17
8 13 5
7 65 37
0 59 2
1 53 10
8 92 30
8 58 15
8 0 22
3 85 20
x
9 0 20
4 41 11
x
5 66 27
x
x
0 38 13
0 95 6
1 6 10
1 35 39
2 81 6
6 49 6
x
1 95 12
11 42 24
6 70 40
x
10 0 18
x
9 62 37
2 7 14
7 79 19
9 12 28
2 57 39
12 45 3
10 11 7
13 25 33
x
9 88 3
10 96 34
15 22 9
14 38 38
9 50 13
11 18 21
3 36 24
x
15 32 17
0 25 9
4 75 10
0 50 29
3 12 28
12 12 18
x
11 76 5
12 25 21
4 10 39
5 97 11
13 24 24
5 84 33
x
13 14 24
14 22 3
x
8 76 19
15 13 42
0 17 37
1 21 43
14 1 2
x
10 83 18
2 30 37
x
9 61 5
11 0 1
0 32 10
12 0 37
13 0 0
14 0 15
15 0 15
x
1 24 34
3 50 36
6 62 11
12 96 0
x
7 58 34
2 35 15
11 90 3
1 32 4
12 85 29
3 43 0
14 84 35
7 71 34
x
0 0 29
5 12 37
15 84 19
x
8 55 23
2 49 12
11 68 44
12 71 26
3 38 27
3 65 36
3 67 14
15 6 31
4 49 29
7 97 27
8 97 25
0 7 41
9 60 31
x
13 79 25
5 49 9
4 21 3
x
x
8 47 15
9 64 4
14 64 41
6 36 0
4 53 35
6 8 25
4 45 7
1 8 24
7 10 0
15 61 16
12 87 13
5 33 2
7 42 12
x
0 71 7
9 47 30
13 77 32
5 45 9
10 22 24
11 84 32
12 83 27
5 58 12
2 17 41
13 91 26
13 76 17
3 22 0
14 69 14
10 73 5
x
15 69 19
14 76 23
0 61 9
0 39 38
6 45 0
1 66 14
x
x
x
9 97 17
6 22 39
7 27 44
1 75 12
x
1 2 29
8 34 30
9 28 27
2 2 42
x
15 98 4
7 49 10
6 28 15
x
7 35 43
4 19 4
x
2 47 33
3 3 5
8 27 15
9 22 37
x
5 20 19
x
8 21 38
2 85 7
11 59 3
6 18 19
x
10 53 8
10 31 2
11 36 12
4 93 26
12 62 2
4 78 27
6 86 37
7 15 12
8 12 26
1 59 41
5 93 18
8 18 33
10 94 31
15 72 5
12 34 7
x
x
2 77 37
13 41 44
3 95 17
x
14 33 34
8 43 41
13 68 32
15 26 44
0 27 9
7 91 41
11 77 2
14 53 12
x
4 70 14
4 2 11
8 80 33
12 90 6
x
15 30 7
5 0 8
1 28 32
9 13 13
10 12 8
5 77 33
x
6 1 37
11 13 42
x
x
9 41 44
7 5 32
9 18 27
10 24 35
0 52 7
6 58 44
8 3 1
10 37 38
2 39 43
x
11 44 9
0 46 10
x
11 51 12
x
3 53 13
12 50 22
11 28 29
13 56 23
6 65 17
14 40 39
12 15 32
3 63 24
4 24 31
9 71 3
5 2 5
9 2 27
7 66 6
x
0 65 20
x
13 19 21
10 3 24
15 36 13
x
8 62 22
9 8 26
12 39 43
9 52 37
1 70 9
0 34 2
2 91 5
14 86 37
14 16 1
10 45 11
4 81 15
7 74 43
11 5 38
1 49 0
x
12 30 17
13 33 44
2 69 3
11 71 21
x
13 63 22
x
3 90 41
12 2 21
12 73 14
15 9 13
6 30 31
15 88 9
13 3 30
4 64 8
10 9 5
11 10 23
0 79 8
8 72 5
5 69 3
1 80 3
14 46 30
13 83 34
6 52 21
7 63 32
14 59 26
x
15 48 9
14 28 40
7 31 17
15 18 24
1 33 30
14 3 7
x
0 43 21
0 11 20
8 52 1
8 29 25
2 52 33
15 65 22
6 76 38
3 73 17
1 11 38
9 66 15
9 24 30
2 21 12
5 91 6
12 8 32
10 40 35
x
3 26 21
11 39 19
x
6 90 12
x
1 45 29
x
4 20 10
x
x
7 93 12
x
13 9 23
x
7 84 32
4 37 0
8 88 27
x
0 57 11
2 62 16
15 1 42
0 3 2
9 84 33
5 51 9
x
1 62 0
14 90 10
3 81 34
6 41 21
7 45 34
8 36 36
9 32 26
10 58 10
2 71 10
12 42 27
15 91 21
x
9 49 19
10 77 31
5 24 28
6 20 6
0 22 5
8 84 15
1 5 4
2 6 4
13 49 25
3 7 6
9 75 24
x
4 72 33
11 46 6
7 20 17
x
x
11 61 26
x
8 19 12
0 84 1
x
1 85 19
x
x
12 53 19
4 6 37
14 35 21
10 91 22
5 43 31
5 9 31
10 92 9
6 2 12
x
12 67 16
11 94 40
x
9 14 7
13 45 43
4 58 0
1 23 7
x
x
x
10 15 11
x
x
x
3 48 3
14 43 8
x
x
x
15 29 0
0 29 34
2 32 15
x
7 7 42
3 17 27
13 71 29
8 9 15
6 61 8
15 41 36
14 13 42
3 93 36
x
0 36 13
12 92 39
14 54 23
5 63 39
1 31 12
1 40 17
2 43 41
7 69 22
14 77 9
11 87 42
12 40 1
15 76 15
15 5 28
11 16 33
x
4 33 4
6 46 5
0 68 6
1 71 3
5 39 31
3 58 9
7 53 42
8 45 24
2 55 28
x
4 83 22
9 43 30
12 20 14
13 28 11
3 77 39
0 6 41
6 94 1
4 22 34
5 89 36
14 21 22
13 95 36
4 26 38
5 37 44
14 74 22
6 72 36
6 24 24
x
4 98 1
5 54 31
6 43 8
8 66 14
7 29 13
15 71 20
7 32 7
8 40 36
0 41 10
x
x
7 96 23
x
x
6 34 0
15 10 14
x
x
1 7 20
10 68 24
7 39 43
x
7 87 40
11 54 31
2 12 11
0 16 36
12 60 3
1 67 30
8 69 20
x
x
3 19 31
8 32 35
1 16 1
x
13 54 20
9 37 35
8 26 11
9 19 24
9 56 9
14 48 31
15 52 9
10 63 6
x
9 90 2
x
14 95 33
x
x
2 25 33
15 57 22
0 54 20
4 15 26
10 28 12
9 80 9
x
x
14 79 35
1 55 18
13 98 38
10 88 31
x
15 92 7
15 80 37
11 33 30
x
11 50 14
9 26 16
5 16 38
0 74 30
x
9 6 41
2 87 22
10 6 11
3 70 24
3 30 40
4 29 18
12 56 34
13 60 23
1 72 18
x
11 8 18
x
x
x
5 29 24
x
12 32 40
4 62 8
6 6 7
13 37 2